[0m20:26:41.726053 [debug] [MainThread]: Sending event: {'category': 'dbt', 'action': 'invocation', 'label': 'start', 'context': [<snowplow_tracker.self_describing_json.SelfDescribingJson object at 0x000001BD974FE6B0>, <snowplow_tracker.self_describing_json.SelfDescribingJson object at 0x000001BD99867B80>, <snowplow_tracker.self_describing_json.SelfDescribingJson object at 0x000001BD99867D90>]}


============================== 20:26:41.726053 | 8ec61f01-3409-4699-a872-c5b291d8fa3f ==============================
[0m20:26:41.726053 [info ] [MainThread]: Running with dbt=1.11.7
[0m20:26:41.738643 [debug] [MainThread]: running dbt with arguments {'version_check': 'True', 'no_print': 'None', 'static_parser': 'True', 'target_path': 'None', 'warn_error_options': 'WarnErrorOptionsV2(error=[], warn=[], silence=[])', 'printer_width': '80', 'write_json': 'True', 'introspect': 'True', 'log_cache_events': 'False', 'empty': 'None', 'cache_selected_only': 'False', 'log_format': 'default', 'debug': 'False', 'fail_fast': 'False', 'profiles_dir': 'C:\\Users\\rutuj\\.dbt', 'send_anonymous_usage_stats': 'True', 'quiet': 'False', 'warn_error': 'None', 'partial_parse': 'True', 'invocation_command': 'dbt init analytics_layer', 'indirect_selection': 'eager', 'use_colors': 'True', 'use_experimental_parser': 'False', 'log_path': 'logs'}
[0m20:26:41.765211 [info ] [MainThread]: Creating dbt configuration folder at C:\Users\rutuj\.dbt
[0m20:26:41.784393 [debug] [MainThread]: Starter project path: C:\Users\rutuj\Desktop\Rutuja Personal\2026\Amazon Insights AI\venv\lib\site-packages\dbt\include\starter_project
[0m20:26:41.844163 [info ] [MainThread]: 
Your new dbt project "analytics_layer" was created!

For more information on how to configure the profiles.yml file,
please consult the dbt documentation here:

  https://docs.getdbt.com/docs/configure-your-profile

One more thing:

Need help? Don't hesitate to reach out to us via GitHub issues or on Slack:

  https://community.getdbt.com/

Happy modeling!

[0m20:26:41.845631 [info ] [MainThread]: Setting up your profile.
[0m20:28:06.008728 [info ] [MainThread]: Profile analytics_layer written to C:\Users\rutuj\.dbt\profiles.yml using target's profile_template.yml and your supplied values. Run 'dbt debug' to validate the connection.
[0m20:28:06.008728 [debug] [MainThread]: Command `dbt init` succeeded at 20:28:06.008728 after 84.43 seconds
[0m20:28:06.015098 [debug] [MainThread]: Sending event: {'category': 'dbt', 'action': 'invocation', 'label': 'end', 'context': [<snowplow_tracker.self_describing_json.SelfDescribingJson object at 0x000001BD974FE6B0>, <snowplow_tracker.self_describing_json.SelfDescribingJson object at 0x000001BD99852BF0>, <snowplow_tracker.self_describing_json.SelfDescribingJson object at 0x000001BD99943EB0>]}
[0m20:28:06.015098 [debug] [MainThread]: Flushing usage events
[0m20:28:07.386054 [debug] [MainThread]: An error was encountered while trying to flush usage events
